<?xml version="1.0" encoding="UTF-8"?>
<!-- Generated by org.testng.reporters.JUnitReportReporter -->
<testsuite skipped="0" hostname="DESKTOP-BSUKEFJ" name="UItesting.Wishlist" tests="1" failures="0" timestamp="2020-03-23T13:53:21 IST" time="23.119" errors="0">
  <testcase name="wishverify" time="23.119" classname="UItesting.Wishlist"/>
  <system-out/>
</testsuite> <!-- UItesting.Wishlist -->
