<?xml version="1.0" encoding="UTF-8"?>
<!-- Generated by org.testng.reporters.JUnitReportReporter -->
<testsuite skipped="0" hostname="DESKTOP-BSUKEFJ" name="Functionaltest.GetData" tests="1" failures="0" timestamp="2020-03-27T23:26:14 IST" time="0.852" errors="0">
  <testcase name="readingdata" time="0.852" classname="Functionaltest.GetData"/>
  <system-out/>
</testsuite> <!-- Functionaltest.GetData -->
