<?xml version="1.0" encoding="UTF-8"?>
<!-- Generated by org.testng.reporters.JUnitReportReporter -->
<testsuite skipped="0" hostname="DESKTOP-BSUKEFJ" name="FunctionalTest.ProductSearchPage" tests="3" failures="0" timestamp="2020-04-01T00:00:54 IST" time="23.105" errors="0">
  <testcase name="productsearch" time="22.268" classname="FunctionalTest.ProductSearchPage"/>
  <system-out/>
  <testcase name="sortby" time="0.792" classname="FunctionalTest.ProductSearchPage"/>
  <system-out/>
  <testcase name="verifycount" time="0.045" classname="FunctionalTest.ProductSearchPage"/>
  <system-out/>
</testsuite> <!-- FunctionalTest.ProductSearchPage -->
