<?xml version="1.0" encoding="UTF-8"?>
<!-- Generated by org.testng.reporters.JUnitReportReporter -->
<testsuite skipped="0" hostname="DESKTOP-BSUKEFJ" name="UItesting.ProfileLogin" tests="1" failures="0" timestamp="2020-03-22T23:27:02 IST" time="40.624" errors="0">
  <testcase name="login" time="40.624" classname="UItesting.ProfileLogin"/>
  <system-out/>
</testsuite> <!-- UItesting.ProfileLogin -->
