<?xml version="1.0" encoding="UTF-8"?>
<!-- Generated by org.testng.reporters.JUnitReportReporter -->
<testsuite skipped="0" hostname="DESKTOP-BSUKEFJ" name="TestBase.Setup" tests="1" failures="0" timestamp="2020-03-22T18:06:52 IST" time="20.413" errors="0">
  <testcase name="setprop" time="20.413" classname="TestBase.Setup"/>
  <system-out/>
</testsuite> <!-- TestBase.Setup -->
