<?xml version="1.0" encoding="UTF-8"?>
<!-- Generated by org.testng.reporters.JUnitReportReporter -->
<testsuite skipped="0" hostname="DESKTOP-BSUKEFJ" name="UItesting.Linkverify" tests="1" failures="0" timestamp="2020-03-23T00:24:12 IST" time="32.213" errors="0">
  <testcase name="links" time="32.213" classname="UItesting.Linkverify"/>
  <system-out/>
</testsuite> <!-- UItesting.Linkverify -->
