<?xml version="1.0" encoding="UTF-8"?>
<!-- Generated by org.testng.reporters.JUnitReportReporter -->
<testsuite skipped="0" hostname="DESKTOP-BSUKEFJ" name="UItesting.HomePage" tests="1" failures="0" timestamp="2020-03-22T22:53:41 IST" time="18.251" errors="0">
  <testcase name="link" time="18.251" classname="UItesting.HomePage"/>
  <system-out/>
</testsuite> <!-- UItesting.HomePage -->
